
    @PayloadRoot(namespace = NAMESPACE_URI, localPart = "SendMessage")
    @ResponsePayload
    public SendMessageResponse sendMessage(@RequestPayload SendMessage request) {
        stub("SendMessage");
        SendMessageResponse response = new SendMessageResponse();
        return response;
    }


    @PayloadRoot(namespace = NAMESPACE_URI, localPart = "TransformAndSendMessage")
    @ResponsePayload
    public TransformAndSendMessageResponse transformAndSendMessage(@RequestPayload TransformAndSendMessage request) {
        stub("TransformAndSendMessage");
        TransformAndSendMessageResponse response = new TransformAndSendMessageResponse();
        return response;
    }


    @PayloadRoot(namespace = NAMESPACE_URI, localPart = "Query")
    @ResponsePayload
    public QueryResponse query(@RequestPayload Query request) {
        stub("Query");
        QueryResponse response = new QueryResponse();
        return response;
    }


    @PayloadRoot(namespace = NAMESPACE_URI, localPart = "Get")
    @ResponsePayload
    public GetResponse get(@RequestPayload Get request) {
        stub("Get");
        GetResponse response = new GetResponse();
        return response;
    }


    @PayloadRoot(namespace = NAMESPACE_URI, localPart = "Delete")
    @ResponsePayload
    public DeleteResponse delete(@RequestPayload Delete request) {
        stub("Delete");
        DeleteResponse response = new DeleteResponse();
        return response;
    }


    @PayloadRoot(namespace = NAMESPACE_URI, localPart = "Retry")
    @ResponsePayload
    public RetryResponse retry(@RequestPayload Retry request) {
        stub("Retry");
        RetryResponse response = new RetryResponse();
        return response;
    }


    @PayloadRoot(namespace = NAMESPACE_URI, localPart = "Reset")
    @ResponsePayload
    public ResetResponse reset(@RequestPayload Reset request) {
        stub("Reset");
        ResetResponse response = new ResetResponse();
        return response;
    }


    @PayloadRoot(namespace = NAMESPACE_URI, localPart = "SendCreateVisitRequestMessage")
    @ResponsePayload
    public SendCreateVisitRequestMessageResponse sendCreateVisitRequestMessage(@RequestPayload SendCreateVisitRequestMessage request) {
        stub("SendCreateVisitRequestMessage");
        SendCreateVisitRequestMessageResponse response = new SendCreateVisitRequestMessageResponse();
        return response;
    }


    @PayloadRoot(namespace = NAMESPACE_URI, localPart = "SendForceRecallVisitRequestMessage")
    @ResponsePayload
    public SendForceRecallVisitRequestMessageResponse sendForceRecallVisitRequestMessage(@RequestPayload SendForceRecallVisitRequestMessage request) {
        stub("SendForceRecallVisitRequestMessage");
        SendForceRecallVisitRequestMessageResponse response = new SendForceRecallVisitRequestMessageResponse();
        return response;
    }


    @PayloadRoot(namespace = NAMESPACE_URI, localPart = "SendAddVisitTasksRequestMessage")
    @ResponsePayload
    public SendAddVisitTasksRequestMessageResponse sendAddVisitTasksRequestMessage(@RequestPayload SendAddVisitTasksRequestMessage request) {
        stub("SendAddVisitTasksRequestMessage");
        SendAddVisitTasksRequestMessageResponse response = new SendAddVisitTasksRequestMessageResponse();
        return response;
    }


    @PayloadRoot(namespace = NAMESPACE_URI, localPart = "SendUpdateVisitScheduleRequestMessage")
    @ResponsePayload
    public SendUpdateVisitScheduleRequestMessageResponse sendUpdateVisitScheduleRequestMessage(@RequestPayload SendUpdateVisitScheduleRequestMessage request) {
        stub("SendUpdateVisitScheduleRequestMessage");
        SendUpdateVisitScheduleRequestMessageResponse response = new SendUpdateVisitScheduleRequestMessageResponse();
        return response;
    }


    @PayloadRoot(namespace = NAMESPACE_URI, localPart = "SendUpdateVisitHeaderRequestMessage")
    @ResponsePayload
    public SendUpdateVisitHeaderRequestMessageResponse sendUpdateVisitHeaderRequestMessage(@RequestPayload SendUpdateVisitHeaderRequestMessage request) {
        stub("SendUpdateVisitHeaderRequestMessage");
        SendUpdateVisitHeaderRequestMessageResponse response = new SendUpdateVisitHeaderRequestMessageResponse();
        return response;
    }


    @PayloadRoot(namespace = NAMESPACE_URI, localPart = "SendCreateBulletinRequestMessage")
    @ResponsePayload
    public SendCreateBulletinRequestMessageResponse sendCreateBulletinRequestMessage(@RequestPayload SendCreateBulletinRequestMessage request) {
        stub("SendCreateBulletinRequestMessage");
        SendCreateBulletinRequestMessageResponse response = new SendCreateBulletinRequestMessageResponse();
        return response;
    }


    @PayloadRoot(namespace = NAMESPACE_URI, localPart = "SendDeleteBulletinRequestMessage")
    @ResponsePayload
    public SendDeleteBulletinRequestMessageResponse sendDeleteBulletinRequestMessage(@RequestPayload SendDeleteBulletinRequestMessage request) {
        stub("SendDeleteBulletinRequestMessage");
        SendDeleteBulletinRequestMessageResponse response = new SendDeleteBulletinRequestMessageResponse();
        return response;
    }


    @PayloadRoot(namespace = NAMESPACE_URI, localPart = "SendGenerateFolioContentRequestMessage")
    @ResponsePayload
    public SendGenerateFolioContentRequestMessageResponse sendGenerateFolioContentRequestMessage(@RequestPayload SendGenerateFolioContentRequestMessage request) {
        stub("SendGenerateFolioContentRequestMessage");
        SendGenerateFolioContentRequestMessageResponse response = new SendGenerateFolioContentRequestMessageResponse();
        return response;
    }


    @PayloadRoot(namespace = NAMESPACE_URI, localPart = "SendAddFolioContentRequestMessage")
    @ResponsePayload
    public SendAddFolioContentRequestMessageResponse sendAddFolioContentRequestMessage(@RequestPayload SendAddFolioContentRequestMessage request) {
        stub("SendAddFolioContentRequestMessage");
        SendAddFolioContentRequestMessageResponse response = new SendAddFolioContentRequestMessageResponse();
        return response;
    }


    @PayloadRoot(namespace = NAMESPACE_URI, localPart = "SendCreateReferralRequestMessage")
    @ResponsePayload
    public SendCreateReferralRequestMessageResponse sendCreateReferralRequestMessage(@RequestPayload SendCreateReferralRequestMessage request) {
        stub("SendCreateReferralRequestMessage");
        SendCreateReferralRequestMessageResponse response = new SendCreateReferralRequestMessageResponse();
        return response;
    }


    @PayloadRoot(namespace = NAMESPACE_URI, localPart = "SendCreatePatientRequestMessage")
    @ResponsePayload
    public SendCreatePatientRequestMessageResponse sendCreatePatientRequestMessage(@RequestPayload SendCreatePatientRequestMessage request) {
        stub("SendCreatePatientRequestMessage");
        SendCreatePatientRequestMessageResponse response = new SendCreatePatientRequestMessageResponse();
        return response;
    }


    @PayloadRoot(namespace = NAMESPACE_URI, localPart = "SendUpdateReferralRequestMessage")
    @ResponsePayload
    public SendUpdateReferralRequestMessageResponse sendUpdateReferralRequestMessage(@RequestPayload SendUpdateReferralRequestMessage request) {
        stub("SendUpdateReferralRequestMessage");
        SendUpdateReferralRequestMessageResponse response = new SendUpdateReferralRequestMessageResponse();
        return response;
    }


    @PayloadRoot(namespace = NAMESPACE_URI, localPart = "SendCreateAppointmentRequestMessage")
    @ResponsePayload
    public SendCreateAppointmentRequestMessageResponse sendCreateAppointmentRequestMessage(@RequestPayload SendCreateAppointmentRequestMessage request) {
        stub("SendCreateAppointmentRequestMessage");
        SendCreateAppointmentRequestMessageResponse response = new SendCreateAppointmentRequestMessageResponse();
        return response;
    }


    @PayloadRoot(namespace = NAMESPACE_URI, localPart = "SendDischargeReferralRequestMessage")
    @ResponsePayload
    public SendDischargeReferralRequestMessageResponse sendDischargeReferralRequestMessage(@RequestPayload SendDischargeReferralRequestMessage request) {
        stub("SendDischargeReferralRequestMessage");
        SendDischargeReferralRequestMessageResponse response = new SendDischargeReferralRequestMessageResponse();
        return response;
    }


    @PayloadRoot(namespace = NAMESPACE_URI, localPart = "SendCreateJobRequestMessage")
    @ResponsePayload
    public SendCreateJobRequestMessageResponse sendCreateJobRequestMessage(@RequestPayload SendCreateJobRequestMessage request) {
        stub("SendCreateJobRequestMessage");
        SendCreateJobRequestMessageResponse response = new SendCreateJobRequestMessageResponse();
        return response;
    }


    @PayloadRoot(namespace = NAMESPACE_URI, localPart = "SendDeleteJobRequestMessage")
    @ResponsePayload
    public SendDeleteJobRequestMessageResponse sendDeleteJobRequestMessage(@RequestPayload SendDeleteJobRequestMessage request) {
        stub("SendDeleteJobRequestMessage");
        SendDeleteJobRequestMessageResponse response = new SendDeleteJobRequestMessageResponse();
        return response;
    }


    @PayloadRoot(namespace = NAMESPACE_URI, localPart = "SendAddJobTasksRequestMessage")
    @ResponsePayload
    public SendAddJobTasksRequestMessageResponse sendAddJobTasksRequestMessage(@RequestPayload SendAddJobTasksRequestMessage request) {
        stub("SendAddJobTasksRequestMessage");
        SendAddJobTasksRequestMessageResponse response = new SendAddJobTasksRequestMessageResponse();
        return response;
    }


    @PayloadRoot(namespace = NAMESPACE_URI, localPart = "SendSaveAvailabilityRequestMessage")
    @ResponsePayload
    public SendSaveAvailabilityRequestMessageResponse sendSaveAvailabilityRequestMessage(@RequestPayload SendSaveAvailabilityRequestMessage request) {
        stub("SendSaveAvailabilityRequestMessage");
        SendSaveAvailabilityRequestMessageResponse response = new SendSaveAvailabilityRequestMessageResponse();
        return response;
    }


    @PayloadRoot(namespace = NAMESPACE_URI, localPart = "SendUpdateJobHeaderRequestMessage")
    @ResponsePayload
    public SendUpdateJobHeaderRequestMessageResponse sendUpdateJobHeaderRequestMessage(@RequestPayload SendUpdateJobHeaderRequestMessage request) {
        stub("SendUpdateJobHeaderRequestMessage");
        SendUpdateJobHeaderRequestMessageResponse response = new SendUpdateJobHeaderRequestMessageResponse();
        return response;
    }

